<?xml version="1.0" encoding="UTF-8" ?>
<testsuite tests="44" failures="0" name="GoogleTeamsTest" time="0.038" errors="0" skipped="0">
  <properties>
    <property name="java.runtime.name" value="Java(TM) SE Runtime Environment"/>
    <property name="java.vm.version" value="13.0.2+8"/>
    <property name="sun.boot.library.path" value="/Library/Java/JavaVirtualMachines/jdk-13.0.2.jdk/Contents/Home/lib"/>
    <property name="maven.multiModuleProjectDirectory" value="/Users/adamsaxton/Desktop/SE1/SE1-GoogleHappy"/>
    <property name="java.vm.vendor" value="Oracle Corporation"/>
    <property name="java.vendor.url" value="https://java.oracle.com/"/>
    <property name="guice.disable.misplaced.annotation.check" value="true"/>
    <property name="path.separator" value=":"/>
    <property name="java.vm.name" value="Java HotSpot(TM) 64-Bit Server VM"/>
    <property name="user.country" value="US"/>
    <property name="sun.java.launcher" value="SUN_STANDARD"/>
    <property name="java.vm.specification.name" value="Java Virtual Machine Specification"/>
    <property name="user.dir" value="/Users/adamsaxton/Desktop/SE1/SE1-GoogleHappy"/>
    <property name="java.vm.compressedOopsMode" value="Zero based"/>
    <property name="java.runtime.version" value="13.0.2+8"/>
    <property name="os.arch" value="x86_64"/>
    <property name="java.io.tmpdir" value="/var/folders/tj/3mgvlf_d7gx8dh8tvhqf19sr0000gn/T/"/>
    <property name="line.separator" value="
"/>
    <property name="java.vm.specification.vendor" value="Oracle Corporation"/>
    <property name="os.name" value="Mac OS X"/>
    <property name="classworlds.conf" value="/Users/adamsaxton/Desktop/SE1/apache-maven-3.6.3/bin/m2.conf"/>
    <property name="sun.jnu.encoding" value="UTF-8"/>
    <property name="java.library.path" value="/Users/adamsaxton/Library/Java/Extensions:/Library/Java/Extensions:/Network/Library/Java/Extensions:/System/Library/Java/Extensions:/usr/lib/java:."/>
    <property name="maven.conf" value="/Users/adamsaxton/Desktop/SE1/apache-maven-3.6.3/conf"/>
    <property name="jdk.debug" value="release"/>
    <property name="java.class.version" value="57.0"/>
    <property name="java.specification.name" value="Java Platform API Specification"/>
    <property name="sun.management.compiler" value="HotSpot 64-Bit Tiered Compilers"/>
    <property name="os.version" value="10.15.4"/>
    <property name="library.jansi.path" value="/Users/adamsaxton/Desktop/SE1/apache-maven-3.6.3/lib/jansi-native"/>
    <property name="http.nonProxyHosts" value="local|*.local|169.254/16|*.169.254/16"/>
    <property name="user.home" value="/Users/adamsaxton"/>
    <property name="user.timezone" value="America/Chicago"/>
    <property name="file.encoding" value="UTF-8"/>
    <property name="java.specification.version" value="13"/>
    <property name="user.name" value="adamsaxton"/>
    <property name="java.class.path" value="/Users/adamsaxton/Desktop/SE1/apache-maven-3.6.3/boot/plexus-classworlds-2.6.0.jar"/>
    <property name="java.vm.specification.version" value="13"/>
    <property name="sun.arch.data.model" value="64"/>
    <property name="sun.java.command" value="org.codehaus.plexus.classworlds.launcher.Launcher test"/>
    <property name="java.home" value="/Library/Java/JavaVirtualMachines/jdk-13.0.2.jdk/Contents/Home"/>
    <property name="user.language" value="en"/>
    <property name="java.specification.vendor" value="Oracle Corporation"/>
    <property name="java.vm.info" value="mixed mode, sharing"/>
    <property name="java.version" value="13.0.2"/>
    <property name="java.vendor" value="Oracle Corporation"/>
    <property name="maven.home" value="/Users/adamsaxton/Desktop/SE1/apache-maven-3.6.3"/>
    <property name="file.separator" value="/"/>
    <property name="java.version.date" value="2020-01-14"/>
    <property name="java.vendor.url.bug" value="https://bugreport.java.com/bugreport/"/>
    <property name="sun.io.unicode.encoding" value="UnicodeBig"/>
    <property name="sun.cpu.endian" value="little"/>
    <property name="socksNonProxyHosts" value="local|*.local|169.254/16|*.169.254/16"/>
    <property name="ftp.nonProxyHosts" value="local|*.local|169.254/16|*.169.254/16"/>
  </properties>
  <testcase classname="GoogleTeamsTest" name="test10ReadFile" time="0.005"/>
  <testcase classname="GoogleTeamsTest" name="test11ReadFile" time="0"/>
  <testcase classname="GoogleTeamsTest" name="test12ReadFile" time="0"/>
  <testcase classname="GoogleTeamsTest" name="test13ReadFile" time="0"/>
  <testcase classname="GoogleTeamsTest" name="test14ReadFile" time="0"/>
  <testcase classname="GoogleTeamsTest" name="test15ReadFile" time="0.001"/>
  <testcase classname="GoogleTeamsTest" name="test16ReadFile" time="0.001"/>
  <testcase classname="GoogleTeamsTest" name="test17ReadFile" time="0.008"/>
  <testcase classname="GoogleTeamsTest" name="test18ReadFile" time="0.001"/>
  <testcase classname="GoogleTeamsTest" name="test19ReadFile" time="0.001"/>
  <testcase classname="GoogleTeamsTest" name="test1ReadFile" time="0.001"/>
  <testcase classname="GoogleTeamsTest" name="test1point5ReadFile" time="0.001"/>
  <testcase classname="GoogleTeamsTest" name="test20ReadFile" time="0.001"/>
  <testcase classname="GoogleTeamsTest" name="test21ReadFile" time="0"/>
  <testcase classname="GoogleTeamsTest" name="test22ReadFile" time="0.001"/>
  <testcase classname="GoogleTeamsTest" name="test23ReadFile" time="0.001"/>
  <testcase classname="GoogleTeamsTest" name="test24ReadFile" time="0.001"/>
  <testcase classname="GoogleTeamsTest" name="test25ReadFile" time="0"/>
  <testcase classname="GoogleTeamsTest" name="test26ReadFile" time="0"/>
  <testcase classname="GoogleTeamsTest" name="test27ReadFile" time="0.001"/>
  <testcase classname="GoogleTeamsTest" name="test28ReadFile" time="0.001"/>
  <testcase classname="GoogleTeamsTest" name="test29ReadFile" time="0"/>
  <testcase classname="GoogleTeamsTest" name="test2ReadFile" time="0"/>
  <testcase classname="GoogleTeamsTest" name="test30ReadFile" time="0"/>
  <testcase classname="GoogleTeamsTest" name="test31ReadFile" time="0.001"/>
  <testcase classname="GoogleTeamsTest" name="test32ReadFile" time="0"/>
  <testcase classname="GoogleTeamsTest" name="test33ReadFile" time="0.001"/>
  <testcase classname="GoogleTeamsTest" name="test34ReadFile" time="0.001"/>
  <testcase classname="GoogleTeamsTest" name="test35ReadFile" time="0.001"/>
  <testcase classname="GoogleTeamsTest" name="test36ReadFile" time="0"/>
  <testcase classname="GoogleTeamsTest" name="test37ReadFile" time="0"/>
  <testcase classname="GoogleTeamsTest" name="test38ReadFile" time="0"/>
  <testcase classname="GoogleTeamsTest" name="test39ReadFile" time="0"/>
  <testcase classname="GoogleTeamsTest" name="test3ReadFile" time="0"/>
  <testcase classname="GoogleTeamsTest" name="test40ReadFile" time="0.001"/>
  <testcase classname="GoogleTeamsTest" name="test41ReadFile" time="0.006"/>
  <testcase classname="GoogleTeamsTest" name="test4ReadFile" time="0"/>
  <testcase classname="GoogleTeamsTest" name="test5ReadFile" time="0"/>
  <testcase classname="GoogleTeamsTest" name="test6ReadFile" time="0"/>
  <testcase classname="GoogleTeamsTest" name="test7ReadFile" time="0"/>
  <testcase classname="GoogleTeamsTest" name="test8ReadFile" time="0"/>
  <testcase classname="GoogleTeamsTest" name="test9ReadFile" time="0"/>
  <testcase classname="GoogleTeamsTest" name="testCreateAdjacencyMatrix" time="0.001"/>
  <testcase classname="GoogleTeamsTest" name="testOutputAdjacencyMatrix" time="0.001"/>
</testsuite>