<?xml version="1.0" encoding="UTF-8" ?>
<testsuite tests="55" failures="0" name="GoogleTeamsTest" time="0.131" errors="0" skipped="0">
  <properties>
    <property name="java.runtime.name" value="Java(TM) SE Runtime Environment"/>
    <property name="java.vm.version" value="14.0.1+7"/>
    <property name="sun.boot.library.path" value="C:\Program Files\Java\jdk-14.0.1\bin"/>
    <property name="maven.multiModuleProjectDirectory" value="C:\Users\adami\Project-2-Electric-googleoo"/>
    <property name="java.vm.vendor" value="Oracle Corporation"/>
    <property name="java.vendor.url" value="https://java.oracle.com/"/>
    <property name="guice.disable.misplaced.annotation.check" value="true"/>
    <property name="path.separator" value=";"/>
    <property name="java.vm.name" value="Java HotSpot(TM) 64-Bit Server VM"/>
    <property name="sun.os.patch.level" value=""/>
    <property name="user.script" value=""/>
    <property name="user.country" value="US"/>
    <property name="sun.java.launcher" value="SUN_STANDARD"/>
    <property name="java.vm.specification.name" value="Java Virtual Machine Specification"/>
    <property name="user.dir" value="C:\Users\adami\Project-2-Electric-googleoo"/>
    <property name="java.vm.compressedOopsMode" value="Zero based"/>
    <property name="java.runtime.version" value="14.0.1+7"/>
    <property name="os.arch" value="amd64"/>
    <property name="java.io.tmpdir" value="C:\Users\adami\AppData\Local\Temp\"/>
    <property name="line.separator" value="
"/>
    <property name="java.vm.specification.vendor" value="Oracle Corporation"/>
    <property name="user.variant" value=""/>
    <property name="os.name" value="Windows 10"/>
    <property name="classworlds.conf" value="C:\Program Files\apache-maven-3.6.3\bin\..\bin\m2.conf"/>
    <property name="sun.jnu.encoding" value="Cp1252"/>
    <property name="java.library.path" value="C:\Program Files\Java\jdk-14.0.1\bin;C:\Windows\Sun\Java\bin;C:\Windows\system32;C:\Windows;C:\Program Files\Oculus\Support\oculus-runtime;C:\Program Files (x86)\Common Files\Oracle\Java\javapath;C:\Windows\system32;C:\Windows;C:\Windows\System32\Wbem;C:\Windows\System32\WindowsPowerShell\v1.0\;C:\Windows\System32\OpenSSH\;C:\Program Files (x86)\NVIDIA Corporation\PhysX\Common;C:\Program Files\NVIDIA Corporation\NVIDIA NvDLISR;C:\Program Files\apache-maven-3.6.3\bin;C:\Program Files\Git\cmd;C:\Users\adami\AppData\Local\Microsoft\WindowsApps;C:\Program Files\Java\jdk-14.0.1\bin;;."/>
    <property name="maven.conf" value="C:\Program Files\apache-maven-3.6.3\bin\../conf"/>
    <property name="jdk.debug" value="release"/>
    <property name="java.class.version" value="58.0"/>
    <property name="java.specification.name" value="Java Platform API Specification"/>
    <property name="sun.management.compiler" value="HotSpot 64-Bit Tiered Compilers"/>
    <property name="os.version" value="10.0"/>
    <property name="library.jansi.path" value="C:\Program Files\apache-maven-3.6.3\bin\..\lib\jansi-native"/>
    <property name="user.home" value="C:\Users\adami"/>
    <property name="user.timezone" value="America/Chicago"/>
    <property name="file.encoding" value="Cp1252"/>
    <property name="java.specification.version" value="14"/>
    <property name="user.name" value="adami"/>
    <property name="java.class.path" value="C:\Program Files\apache-maven-3.6.3\bin\..\boot\plexus-classworlds-2.6.0.jar"/>
    <property name="java.vm.specification.version" value="14"/>
    <property name="sun.arch.data.model" value="64"/>
    <property name="sun.java.command" value="org.codehaus.plexus.classworlds.launcher.Launcher test"/>
    <property name="java.home" value="C:\Program Files\Java\jdk-14.0.1"/>
    <property name="user.language" value="en"/>
    <property name="java.specification.vendor" value="Oracle Corporation"/>
    <property name="java.vm.info" value="mixed mode, sharing"/>
    <property name="java.version" value="14.0.1"/>
    <property name="java.vendor" value="Oracle Corporation"/>
    <property name="sun.stderr.encoding" value="cp437"/>
    <property name="maven.home" value="C:\Program Files\apache-maven-3.6.3\bin\.."/>
    <property name="file.separator" value="\"/>
    <property name="java.version.date" value="2020-04-14"/>
    <property name="java.vendor.url.bug" value="https://bugreport.java.com/bugreport/"/>
    <property name="sun.io.unicode.encoding" value="UnicodeLittle"/>
    <property name="sun.cpu.endian" value="little"/>
    <property name="sun.stdout.encoding" value="cp437"/>
    <property name="sun.cpu.isalist" value="amd64"/>
  </properties>
  <testcase classname="GoogleTeamsTest" name="test10ReadFile" time="0.005"/>
  <testcase classname="GoogleTeamsTest" name="test11ReadFile" time="0.002"/>
  <testcase classname="GoogleTeamsTest" name="test12ReadFile" time="0.002"/>
  <testcase classname="GoogleTeamsTest" name="test13ReadFile" time="0.004"/>
  <testcase classname="GoogleTeamsTest" name="test14ReadFile" time="0.002"/>
  <testcase classname="GoogleTeamsTest" name="test15ReadFile" time="0.002"/>
  <testcase classname="GoogleTeamsTest" name="test16ReadFile" time="0.002"/>
  <testcase classname="GoogleTeamsTest" name="test17ReadFile" time="0.025"/>
  <testcase classname="GoogleTeamsTest" name="test18ReadFile" time="0.002"/>
  <testcase classname="GoogleTeamsTest" name="test19ReadFile" time="0.002"/>
  <testcase classname="GoogleTeamsTest" name="test1ReadFile" time="0.002"/>
  <testcase classname="GoogleTeamsTest" name="test1point5ReadFile" time="0.003"/>
  <testcase classname="GoogleTeamsTest" name="test20ReadFile" time="0.002"/>
  <testcase classname="GoogleTeamsTest" name="test21ReadFile" time="0.003"/>
  <testcase classname="GoogleTeamsTest" name="test22ReadFile" time="0.002"/>
  <testcase classname="GoogleTeamsTest" name="test23ReadFile" time="0.003"/>
  <testcase classname="GoogleTeamsTest" name="test24ReadFile" time="0.001"/>
  <testcase classname="GoogleTeamsTest" name="test25ReadFile" time="0.002"/>
  <testcase classname="GoogleTeamsTest" name="test26ReadFile" time="0.002"/>
  <testcase classname="GoogleTeamsTest" name="test27ReadFile" time="0.001"/>
  <testcase classname="GoogleTeamsTest" name="test28ReadFile" time="0.003"/>
  <testcase classname="GoogleTeamsTest" name="test29ReadFile" time="0.002"/>
  <testcase classname="GoogleTeamsTest" name="test2ReadFile" time="0.001"/>
  <testcase classname="GoogleTeamsTest" name="test30ReadFile" time="0.001"/>
  <testcase classname="GoogleTeamsTest" name="test31ReadFile" time="0.002"/>
  <testcase classname="GoogleTeamsTest" name="test32ReadFile" time="0.003"/>
  <testcase classname="GoogleTeamsTest" name="test33ReadFile" time="0.001"/>
  <testcase classname="GoogleTeamsTest" name="test34ReadFile" time="0.002"/>
  <testcase classname="GoogleTeamsTest" name="test35ReadFile" time="0.001"/>
  <testcase classname="GoogleTeamsTest" name="test36ReadFile" time="0.002"/>
  <testcase classname="GoogleTeamsTest" name="test37ReadFile" time="0.002"/>
  <testcase classname="GoogleTeamsTest" name="test38ReadFile" time="0.002"/>
  <testcase classname="GoogleTeamsTest" name="test39ReadFile" time="0.002"/>
  <testcase classname="GoogleTeamsTest" name="test3ReadFile" time="0.001"/>
  <testcase classname="GoogleTeamsTest" name="test40ReadFile" time="0.001"/>
  <testcase classname="GoogleTeamsTest" name="test40pt5ReadFile" time="0.001"/>
  <testcase classname="GoogleTeamsTest" name="test41ReadFile" time="0.002"/>
  <testcase classname="GoogleTeamsTest" name="test42ReadFile" time="0.003"/>
  <testcase classname="GoogleTeamsTest" name="test43ReadFile" time="0.001"/>
  <testcase classname="GoogleTeamsTest" name="test44ReadFile" time="0.002"/>
  <testcase classname="GoogleTeamsTest" name="test45ReadFile" time="0.001"/>
  <testcase classname="GoogleTeamsTest" name="test46ReadFile" time="0.002"/>
  <testcase classname="GoogleTeamsTest" name="test47ReadFile" time="0.002"/>
  <testcase classname="GoogleTeamsTest" name="test48ReadFile" time="0.002"/>
  <testcase classname="GoogleTeamsTest" name="test49ReadFile" time="0.001"/>
  <testcase classname="GoogleTeamsTest" name="test4ReadFile" time="0.001"/>
  <testcase classname="GoogleTeamsTest" name="test50ReadFile" time="0.002"/>
  <testcase classname="GoogleTeamsTest" name="test51ReadFile" time="0.001"/>
  <testcase classname="GoogleTeamsTest" name="test5ReadFile" time="0.002"/>
  <testcase classname="GoogleTeamsTest" name="test6ReadFile" time="0.003"/>
  <testcase classname="GoogleTeamsTest" name="test7ReadFile" time="0.001"/>
  <testcase classname="GoogleTeamsTest" name="test8ReadFile" time="0.002"/>
  <testcase classname="GoogleTeamsTest" name="test9ReadFile" time="0"/>
  <testcase classname="GoogleTeamsTest" name="testCreateAdjacencyMatrix" time="0.003"/>
  <testcase classname="GoogleTeamsTest" name="testOutputAdjacencyMatrix" time="0.004"/>
</testsuite>